---
  0 debug pnpm:scope: 
    selected: 1
    workspacePrefix: null
  1 info pnpm: 
    message: "A store server is running. All store manipulations are delegated to it."
    prefix: "/app"
  2 debug pnpm:package-json: 
    initial: 
      name: "planificateur-cours"
      version: "1.0.0"
      description: "Application web pour la gestion des plans de cours hebdomadaires."
      main: "server.js"
      engines: 
        node: ">=18"
      scripts: 
        start: "node server.js"
      dependencies: 
        dotenv: "^16.4.5"
        exceljs: "^4.4.0"
        express: "^4.19.2"
        mongoose: "^8.2.1"
        multer: "^1.4.5-lts.1"
      devDependencies: {}
      gitHead: "bb67d79fc0e60ae88478d414bb14787fdb95103a"
      readme: "ERROR: No README data found!"
      _id: "planificateur-cours@1.0.0"
    prefix: "/app"
  3 info pnpm: 
    message: "Performing headless installation"
    prefix: "/app"
  4 debug pnpm:stats: 
    prefix: "/app"
    removed: 0
  5 debug pnpm:stage: 
    prefix: "/app"
    stage: "importing_started"
  6 warn pnpm:install-check: 
    message: "Unsupported engine for /dotenv/16.4.7: wanted: {\"node\":\">=12\"} (current: {\"node\":\"v10.24.1\",\"pnpm\":\"2.25.5\"})"
    prefix: "/app"
  7 warn pnpm:install-check: 
    message: "Unsupported engine for /tmp/0.2.3: wanted: {\"node\":\">=14.14\"} (current: {\"node\":\"v10.24.1\",\"pnpm\":\"2.25.5\"})"
    prefix: "/app"
  8 warn pnpm:install-check: 
    message: "Unsupported engine for /mongoose/8.10.1: wanted: {\"node\":\">=16.20.1\"} (current: {\"node\":\"v10.24.1\",\"pnpm\":\"2.25.5\"})"
    prefix: "/app"
  9 warn pnpm:install-check: 
    message: "Unsupported engine for /bson/6.10.2: wanted: {\"node\":\">=16.20.1\"} (current: {\"node\":\"v10.24.1\",\"pnpm\":\"2.25.5\"})"
    prefix: "/app"
  10 warn pnpm:install-check: 
    message: "Unsupported engine for /kareem/2.6.3: wanted: {\"node\":\">=12.0.0\"} (current: {\"node\":\"v10.24.1\",\"pnpm\":\"2.25.5\"})"
    prefix: "/app"
  11 warn pnpm:install-check: 
    message: "Unsupported engine for /mongodb/6.13.0: wanted: {\"node\":\">=16.20.1\"} (current: {\"node\":\"v10.24.1\",\"pnpm\":\"2.25.5\"})"
    prefix: "/app"
  12 warn pnpm:install-check: 
    message: "Unsupported engine for /whatwg-url/14.1.1: wanted: {\"node\":\">=18\"} (current: {\"node\":\"v10.24.1\",\"pnpm\":\"2.25.5\"})"
    prefix: "/app"
  13 warn pnpm:install-check: 
    message: "Unsupported engine for /tr46/5.0.0: wanted: {\"node\":\">=18\"} (current: {\"node\":\"v10.24.1\",\"pnpm\":\"2.25.5\"})"
    prefix: "/app"
  14 warn pnpm:install-check: 
    message: "Unsupported engine for /webidl-conversions/7.0.0: wanted: {\"node\":\">=12\"} (current: {\"node\":\"v10.24.1\",\"pnpm\":\"2.25.5\"})"
    prefix: "/app"
  15 warn pnpm:install-check: 
    message: "Unsupported engine for /mquery/5.0.0: wanted: {\"node\":\">=14.0.0\"} (current: {\"node\":\"v10.24.1\",\"pnpm\":\"2.25.5\"})"
    prefix: "/app"
  16 debug pnpm:stats: 
    added: 0
    prefix: "/app"
  17 debug pnpm:stage: 
    prefix: "/app"
    stage: "importing_done"
  18 debug pnpm:link: 
    target: "/rbd/pnpm-volume/1c613b14-019c-488a-a856-d55d64d174d0/node_modules/.registry.npmjs.org/accepts/1.3.8/node_modules/accepts"
    link: "/rbd/pnpm-volume/1c613b14-019c-488a-a856-d55d64d174d0/node_modules/accepts"
  19 debug pnpm:link: 
    target: "/rbd/pnpm-volume/1c613b14-019c-488a-a856-d55d64d174d0/node_modules/.registry.npmjs.org/append-field/1.0.0/node_modules/append-field"
    link: "/rbd/pnpm-volume/1c613b14-019c-488a-a856-d55d64d174d0/node_modules/append-field"
  20 debug pnpm:link: 
    target: "/rbd/pnpm-volume/1c613b14-019c-488a-a856-d55d64d174d0/node_modules/.registry.npmjs.org/archiver/5.3.2/node_modules/archiver"
    link: "/rbd/pnpm-volume/1c613b14-019c-488a-a856-d55d64d174d0/node_modules/archiver"
  21 debug pnpm:link: 
    target: "/rbd/pnpm-volume/1c613b14-019c-488a-a856-d55d64d174d0/node_modules/.registry.npmjs.org/array-flatten/1.1.1/node_modules/array-flatten"
    link: "/rbd/pnpm-volume/1c613b14-019c-488a-a856-d55d64d174d0/node_modules/array-flatten"
  22 debug pnpm:link: 
    target: "/rbd/pnpm-volume/1c613b14-019c-488a-a856-d55d64d174d0/node_modules/.registry.npmjs.org/body-parser/1.20.3/node_modules/body-parser"
    link: "/rbd/pnpm-volume/1c613b14-019c-488a-a856-d55d64d174d0/node_modules/body-parser"
  23 debug pnpm:link: 
    target: "/rbd/pnpm-volume/1c613b14-019c-488a-a856-d55d64d174d0/node_modules/.registry.npmjs.org/bson/6.10.2/node_modules/bson"
    link: "/rbd/pnpm-volume/1c613b14-019c-488a-a856-d55d64d174d0/node_modules/bson"
  24 debug pnpm:link: 
    target: "/rbd/pnpm-volume/1c613b14-019c-488a-a856-d55d64d174d0/node_modules/.registry.npmjs.org/busboy/1.6.0/node_modules/busboy"
    link: "/rbd/pnpm-volume/1c613b14-019c-488a-a856-d55d64d174d0/node_modules/busboy"
  25 debug pnpm:link: 
    target: "/rbd/pnpm-volume/1c613b14-019c-488a-a856-d55d64d174d0/node_modules/.registry.npmjs.org/concat-stream/1.6.2/node_modules/concat-stream"
    link: "/rbd/pnpm-volume/1c613b14-019c-488a-a856-d55d64d174d0/node_modules/concat-stream"
  26 debug pnpm:link: 
    target: "/rbd/pnpm-volume/1c613b14-019c-488a-a856-d55d64d174d0/node_modules/.registry.npmjs.org/content-disposition/0.5.4/node_modules/content-disposition"
    link: "/rbd/pnpm-volume/1c613b14-019c-488a-a856-d55d64d174d0/node_modules/content-disposition"
  27 debug pnpm:link: 
    target: "/rbd/pnpm-volume/1c613b14-019c-488a-a856-d55d64d174d0/node_modules/.registry.npmjs.org/content-type/1.0.5/node_modules/content-type"
    link: "/rbd/pnpm-volume/1c613b14-019c-488a-a856-d55d64d174d0/node_modules/content-type"
  28 debug pnpm:link: 
    target: "/rbd/pnpm-volume/1c613b14-019c-488a-a856-d55d64d174d0/node_modules/.registry.npmjs.org/cookie/0.7.1/node_modules/cookie"
    link: "/rbd/pnpm-volume/1c613b14-019c-488a-a856-d55d64d174d0/node_modules/cookie"
  29 debug pnpm:link: 
    target: "/rbd/pnpm-volume/1c613b14-019c-488a-a856-d55d64d174d0/node_modules/.registry.npmjs.org/cookie-signature/1.0.6/node_modules/cookie-signature"
    link: "/rbd/pnpm-volume/1c613b14-019c-488a-a856-d55d64d174d0/node_modules/cookie-signature"
  30 debug pnpm:link: 
    target: "/rbd/pnpm-volume/1c613b14-019c-488a-a856-d55d64d174d0/node_modules/.registry.npmjs.org/dayjs/1.11.13/node_modules/dayjs"
    link: "/rbd/pnpm-volume/1c613b14-019c-488a-a856-d55d64d174d0/node_modules/dayjs"
  31 debug pnpm:link: 
    target: "/rbd/pnpm-volume/1c613b14-019c-488a-a856-d55d64d174d0/node_modules/.registry.npmjs.org/debug/2.6.9/node_modules/debug"
    link: "/rbd/pnpm-volume/1c613b14-019c-488a-a856-d55d64d174d0/node_modules/debug"
  32 debug pnpm:link: 
    target: "/rbd/pnpm-volume/1c613b14-019c-488a-a856-d55d64d174d0/node_modules/.registry.npmjs.org/depd/2.0.0/node_modules/depd"
    link: "/rbd/pnpm-volume/1c613b14-019c-488a-a856-d55d64d174d0/node_modules/depd"
  33 debug pnpm:link: 
    target: "/rbd/pnpm-volume/1c613b14-019c-488a-a856-d55d64d174d0/node_modules/.registry.npmjs.org/encodeurl/2.0.0/node_modules/encodeurl"
    link: "/rbd/pnpm-volume/1c613b14-019c-488a-a856-d55d64d174d0/node_modules/encodeurl"
  34 debug pnpm:link: 
    target: "/rbd/pnpm-volume/1c613b14-019c-488a-a856-d55d64d174d0/node_modules/.registry.npmjs.org/escape-html/1.0.3/node_modules/escape-html"
    link: "/rbd/pnpm-volume/1c613b14-019c-488a-a856-d55d64d174d0/node_modules/escape-html"
  35 debug pnpm:link: 
    target: "/rbd/pnpm-volume/1c613b14-019c-488a-a856-d55d64d174d0/node_modules/.registry.npmjs.org/etag/1.8.1/node_modules/etag"
    link: "/rbd/pnpm-volume/1c613b14-019c-488a-a856-d55d64d174d0/node_modules/etag"
  36 debug pnpm:link: 
    target: "/rbd/pnpm-volume/1c613b14-019c-488a-a856-d55d64d174d0/node_modules/.registry.npmjs.org/fast-csv/4.3.6/node_modules/fast-csv"
    link: "/rbd/pnpm-volume/1c613b14-019c-488a-a856-d55d64d174d0/node_modules/fast-csv"
  37 debug pnpm:link: 
    target: "/rbd/pnpm-volume/1c613b14-019c-488a-a856-d55d64d174d0/node_modules/.registry.npmjs.org/finalhandler/1.3.1/node_modules/finalhandler"
    link: "/rbd/pnpm-volume/1c613b14-019c-488a-a856-d55d64d174d0/node_modules/finalhandler"
  38 debug pnpm:link: 
    target: "/rbd/pnpm-volume/1c613b14-019c-488a-a856-d55d64d174d0/node_modules/.registry.npmjs.org/fresh/0.5.2/node_modules/fresh"
    link: "/rbd/pnpm-volume/1c613b14-019c-488a-a856-d55d64d174d0/node_modules/fresh"
  39 debug pnpm:link: 
    target: "/rbd/pnpm-volume/1c613b14-019c-488a-a856-d55d64d174d0/node_modules/.registry.npmjs.org/http-errors/2.0.0/node_modules/http-errors"
    link: "/rbd/pnpm-volume/1c613b14-019c-488a-a856-d55d64d174d0/node_modules/http-errors"
  40 debug pnpm:link: 
    target: "/rbd/pnpm-volume/1c613b14-019c-488a-a856-d55d64d174d0/node_modules/.registry.npmjs.org/jszip/3.10.1/node_modules/jszip"
    link: "/rbd/pnpm-volume/1c613b14-019c-488a-a856-d55d64d174d0/node_modules/jszip"
  41 debug pnpm:link: 
    target: "/rbd/pnpm-volume/1c613b14-019c-488a-a856-d55d64d174d0/node_modules/.registry.npmjs.org/kareem/2.6.3/node_modules/kareem"
    link: "/rbd/pnpm-volume/1c613b14-019c-488a-a856-d55d64d174d0/node_modules/kareem"
  42 debug pnpm:link: 
    target: "/rbd/pnpm-volume/1c613b14-019c-488a-a856-d55d64d174d0/node_modules/.registry.npmjs.org/merge-descriptors/1.0.3/node_modules/merge-descriptors"
    link: "/rbd/pnpm-volume/1c613b14-019c-488a-a856-d55d64d174d0/node_modules/merge-descriptors"
  43 debug pnpm:link: 
    target: "/rbd/pnpm-volume/1c613b14-019c-488a-a856-d55d64d174d0/node_modules/.registry.npmjs.org/methods/1.1.2/node_modules/methods"
    link: "/rbd/pnpm-volume/1c613b14-019c-488a-a856-d55d64d174d0/node_modules/methods"
  44 debug pnpm:link: 
    target: "/rbd/pnpm-volume/1c613b14-019c-488a-a856-d55d64d174d0/node_modules/.registry.npmjs.org/mkdirp/0.5.6/node_modules/mkdirp"
    link: "/rbd/pnpm-volume/1c613b14-019c-488a-a856-d55d64d174d0/node_modules/mkdirp"
  45 debug pnpm:link: 
    target: "/rbd/pnpm-volume/1c613b14-019c-488a-a856-d55d64d174d0/node_modules/.registry.npmjs.org/mongodb/6.13.0/node_modules/mongodb"
    link: "/rbd/pnpm-volume/1c613b14-019c-488a-a856-d55d64d174d0/node_modules/mongodb"
  46 debug pnpm:link: 
    target: "/rbd/pnpm-volume/1c613b14-019c-488a-a856-d55d64d174d0/node_modules/.registry.npmjs.org/mpath/0.9.0/node_modules/mpath"
    link: "/rbd/pnpm-volume/1c613b14-019c-488a-a856-d55d64d174d0/node_modules/mpath"
  47 debug pnpm:link: 
    target: "/rbd/pnpm-volume/1c613b14-019c-488a-a856-d55d64d174d0/node_modules/.registry.npmjs.org/mquery/5.0.0/node_modules/mquery"
    link: "/rbd/pnpm-volume/1c613b14-019c-488a-a856-d55d64d174d0/node_modules/mquery"
  48 debug pnpm:link: 
    target: "/rbd/pnpm-volume/1c613b14-019c-488a-a856-d55d64d174d0/node_modules/.registry.npmjs.org/ms/2.1.3/node_modules/ms"
    link: "/rbd/pnpm-volume/1c613b14-019c-488a-a856-d55d64d174d0/node_modules/ms"
  49 debug pnpm:link: 
    target: "/rbd/pnpm-volume/1c613b14-019c-488a-a856-d55d64d174d0/node_modules/.registry.npmjs.org/object-assign/4.1.1/node_modules/object-assign"
    link: "/rbd/pnpm-volume/1c613b14-019c-488a-a856-d55d64d174d0/node_modules/object-assign"
  50 debug pnpm:link: 
    target: "/rbd/pnpm-volume/1c613b14-019c-488a-a856-d55d64d174d0/node_modules/.registry.npmjs.org/on-finished/2.4.1/node_modules/on-finished"
    link: "/rbd/pnpm-volume/1c613b14-019c-488a-a856-d55d64d174d0/node_modules/on-finished"
  51 debug pnpm:link: 
    target: "/rbd/pnpm-volume/1c613b14-019c-488a-a856-d55d64d174d0/node_modules/.registry.npmjs.org/parseurl/1.3.3/node_modules/parseurl"
    link: "/rbd/pnpm-volume/1c613b14-019c-488a-a856-d55d64d174d0/node_modules/parseurl"
  52 debug pnpm:link: 
    target: "/rbd/pnpm-volume/1c613b14-019c-488a-a856-d55d64d174d0/node_modules/.registry.npmjs.org/path-to-regexp/0.1.12/node_modules/path-to-regexp"
    link: "/rbd/pnpm-volume/1c613b14-019c-488a-a856-d55d64d174d0/node_modules/path-to-regexp"
  53 debug pnpm:link: 
    target: "/rbd/pnpm-volume/1c613b14-019c-488a-a856-d55d64d174d0/node_modules/.registry.npmjs.org/proxy-addr/2.0.7/node_modules/proxy-addr"
    link: "/rbd/pnpm-volume/1c613b14-019c-488a-a856-d55d64d174d0/node_modules/proxy-addr"
  54 debug pnpm:link: 
    target: "/rbd/pnpm-volume/1c613b14-019c-488a-a856-d55d64d174d0/node_modules/.registry.npmjs.org/qs/6.13.0/node_modules/qs"
    link: "/rbd/pnpm-volume/1c613b14-019c-488a-a856-d55d64d174d0/node_modules/qs"
  55 debug pnpm:link: 
    target: "/rbd/pnpm-volume/1c613b14-019c-488a-a856-d55d64d174d0/node_modules/.registry.npmjs.org/range-parser/1.2.1/node_modules/range-parser"
    link: "/rbd/pnpm-volume/1c613b14-019c-488a-a856-d55d64d174d0/node_modules/range-parser"
  56 debug pnpm:link: 
    target: "/rbd/pnpm-volume/1c613b14-019c-488a-a856-d55d64d174d0/node_modules/.registry.npmjs.org/readable-stream/3.6.2/node_modules/readable-stream"
    link: "/rbd/pnpm-volume/1c613b14-019c-488a-a856-d55d64d174d0/node_modules/readable-stream"
  57 debug pnpm:link: 
    target: "/rbd/pnpm-volume/1c613b14-019c-488a-a856-d55d64d174d0/node_modules/.registry.npmjs.org/safe-buffer/5.2.1/node_modules/safe-buffer"
    link: "/rbd/pnpm-volume/1c613b14-019c-488a-a856-d55d64d174d0/node_modules/safe-buffer"
  58 debug pnpm:link: 
    target: "/rbd/pnpm-volume/1c613b14-019c-488a-a856-d55d64d174d0/node_modules/.registry.npmjs.org/saxes/5.0.1/node_modules/saxes"
    link: "/rbd/pnpm-volume/1c613b14-019c-488a-a856-d55d64d174d0/node_modules/saxes"
  59 debug pnpm:link: 
    target: "/rbd/pnpm-volume/1c613b14-019c-488a-a856-d55d64d174d0/node_modules/.registry.npmjs.org/send/0.19.0/node_modules/send"
    link: "/rbd/pnpm-volume/1c613b14-019c-488a-a856-d55d64d174d0/node_modules/send"
  60 debug pnpm:link: 
    target: "/rbd/pnpm-volume/1c613b14-019c-488a-a856-d55d64d174d0/node_modules/.registry.npmjs.org/serve-static/1.16.2/node_modules/serve-static"
    link: "/rbd/pnpm-volume/1c613b14-019c-488a-a856-d55d64d174d0/node_modules/serve-static"
  61 debug pnpm:link: 
    target: "/rbd/pnpm-volume/1c613b14-019c-488a-a856-d55d64d174d0/node_modules/.registry.npmjs.org/setprototypeof/1.2.0/node_modules/setprototypeof"
    link: "/rbd/pnpm-volume/1c613b14-019c-488a-a856-d55d64d174d0/node_modules/setprototypeof"
  62 debug pnpm:link: 
    target: "/rbd/pnpm-volume/1c613b14-019c-488a-a856-d55d64d174d0/node_modules/.registry.npmjs.org/sift/17.1.3/node_modules/sift"
    link: "/rbd/pnpm-volume/1c613b14-019c-488a-a856-d55d64d174d0/node_modules/sift"
  63 debug pnpm:link: 
    target: "/rbd/pnpm-volume/1c613b14-019c-488a-a856-d55d64d174d0/node_modules/.registry.npmjs.org/statuses/2.0.1/node_modules/statuses"
    link: "/rbd/pnpm-volume/1c613b14-019c-488a-a856-d55d64d174d0/node_modules/statuses"
  64 debug pnpm:link: 
    target: "/rbd/pnpm-volume/1c613b14-019c-488a-a856-d55d64d174d0/node_modules/.registry.npmjs.org/tmp/0.2.3/node_modules/tmp"
    link: "/rbd/pnpm-volume/1c613b14-019c-488a-a856-d55d64d174d0/node_modules/tmp"
  65 debug pnpm:link: 
    target: "/rbd/pnpm-volume/1c613b14-019c-488a-a856-d55d64d174d0/node_modules/.registry.npmjs.org/type-is/1.6.18/node_modules/type-is"
    link: "/rbd/pnpm-volume/1c613b14-019c-488a-a856-d55d64d174d0/node_modules/type-is"
  66 debug pnpm:link: 
    target: "/rbd/pnpm-volume/1c613b14-019c-488a-a856-d55d64d174d0/node_modules/.registry.npmjs.org/unzipper/0.10.14/node_modules/unzipper"
    link: "/rbd/pnpm-volume/1c613b14-019c-488a-a856-d55d64d174d0/node_modules/unzipper"
  67 debug pnpm:link: 
    target: "/rbd/pnpm-volume/1c613b14-019c-488a-a856-d55d64d174d0/node_modules/.registry.npmjs.org/utils-merge/1.0.1/node_modules/utils-merge"
    link: "/rbd/pnpm-volume/1c613b14-019c-488a-a856-d55d64d174d0/node_modules/utils-merge"
  68 debug pnpm:link: 
    target: "/rbd/pnpm-volume/1c613b14-019c-488a-a856-d55d64d174d0/node_modules/.registry.npmjs.org/uuid/8.3.2/node_modules/uuid"
    link: "/rbd/pnpm-volume/1c613b14-019c-488a-a856-d55d64d174d0/node_modules/uuid"
  69 debug pnpm:link: 
    target: "/rbd/pnpm-volume/1c613b14-019c-488a-a856-d55d64d174d0/node_modules/.registry.npmjs.org/vary/1.1.2/node_modules/vary"
    link: "/rbd/pnpm-volume/1c613b14-019c-488a-a856-d55d64d174d0/node_modules/vary"
  70 debug pnpm:link: 
    target: "/rbd/pnpm-volume/1c613b14-019c-488a-a856-d55d64d174d0/node_modules/.registry.npmjs.org/xtend/4.0.2/node_modules/xtend"
    link: "/rbd/pnpm-volume/1c613b14-019c-488a-a856-d55d64d174d0/node_modules/xtend"
  71 debug pnpm:link: 
    target: "/rbd/pnpm-volume/1c613b14-019c-488a-a856-d55d64d174d0/node_modules/.registry.npmjs.org/@fast-csv/format/4.3.5/node_modules/@fast-csv/format"
    link: "/rbd/pnpm-volume/1c613b14-019c-488a-a856-d55d64d174d0/node_modules/@fast-csv/format"
  72 debug pnpm:link: 
    target: "/rbd/pnpm-volume/1c613b14-019c-488a-a856-d55d64d174d0/node_modules/.registry.npmjs.org/@fast-csv/parse/4.3.6/node_modules/@fast-csv/parse"
    link: "/rbd/pnpm-volume/1c613b14-019c-488a-a856-d55d64d174d0/node_modules/@fast-csv/parse"
  73 debug pnpm:link: 
    target: "/rbd/pnpm-volume/1c613b14-019c-488a-a856-d55d64d174d0/node_modules/.registry.npmjs.org/@mongodb-js/saslprep/1.2.0/node_modules/@mongodb-js/saslprep"
    link: "/rbd/pnpm-volume/1c613b14-019c-488a-a856-d55d64d174d0/node_modules/@mongodb-js/saslprep"
  74 debug pnpm:link: 
    target: "/rbd/pnpm-volume/1c613b14-019c-488a-a856-d55d64d174d0/node_modules/.registry.npmjs.org/archiver-utils/2.1.0/node_modules/archiver-utils"
    link: "/rbd/pnpm-volume/1c613b14-019c-488a-a856-d55d64d174d0/node_modules/archiver-utils"
  75 debug pnpm:link: 
    target: "/rbd/pnpm-volume/1c613b14-019c-488a-a856-d55d64d174d0/node_modules/.registry.npmjs.org/async/3.2.6/node_modules/async"
    link: "/rbd/pnpm-volume/1c613b14-019c-488a-a856-d55d64d174d0/node_modules/async"
  76 debug pnpm:link: 
    target: "/rbd/pnpm-volume/1c613b14-019c-488a-a856-d55d64d174d0/node_modules/.registry.npmjs.org/big-integer/1.6.52/node_modules/big-integer"
    link: "/rbd/pnpm-volume/1c613b14-019c-488a-a856-d55d64d174d0/node_modules/big-integer"
  77 debug pnpm:link: 
    target: "/rbd/pnpm-volume/1c613b14-019c-488a-a856-d55d64d174d0/node_modules/.registry.npmjs.org/binary/0.3.0/node_modules/binary"
    link: "/rbd/pnpm-volume/1c613b14-019c-488a-a856-d55d64d174d0/node_modules/binary"
  78 debug pnpm:link: 
    target: "/rbd/pnpm-volume/1c613b14-019c-488a-a856-d55d64d174d0/node_modules/.registry.npmjs.org/bluebird/3.4.7/node_modules/bluebird"
    link: "/rbd/pnpm-volume/1c613b14-019c-488a-a856-d55d64d174d0/node_modules/bluebird"
  79 debug pnpm:link: 
    target: "/rbd/pnpm-volume/1c613b14-019c-488a-a856-d55d64d174d0/node_modules/.registry.npmjs.org/buffer-crc32/0.2.13/node_modules/buffer-crc32"
    link: "/rbd/pnpm-volume/1c613b14-019c-488a-a856-d55d64d174d0/node_modules/buffer-crc32"
  80 debug pnpm:link: 
    target: "/rbd/pnpm-volume/1c613b14-019c-488a-a856-d55d64d174d0/node_modules/.registry.npmjs.org/buffer-from/1.1.2/node_modules/buffer-from"
    link: "/rbd/pnpm-volume/1c613b14-019c-488a-a856-d55d64d174d0/node_modules/buffer-from"
  81 debug pnpm:link: 
    target: "/rbd/pnpm-volume/1c613b14-019c-488a-a856-d55d64d174d0/node_modules/.registry.npmjs.org/buffer-indexof-polyfill/1.0.2/node_modules/buffer-indexof-polyfill"
    link: "/rbd/pnpm-volume/1c613b14-019c-488a-a856-d55d64d174d0/node_modules/buffer-indexof-polyfill"
  82 debug pnpm:link: 
    target: "/rbd/pnpm-volume/1c613b14-019c-488a-a856-d55d64d174d0/node_modules/.registry.npmjs.org/bytes/3.1.2/node_modules/bytes"
    link: "/rbd/pnpm-volume/1c613b14-019c-488a-a856-d55d64d174d0/node_modules/bytes"
  83 debug pnpm:link: 
    target: "/rbd/pnpm-volume/1c613b14-019c-488a-a856-d55d64d174d0/node_modules/.registry.npmjs.org/destroy/1.2.0/node_modules/destroy"
    link: "/rbd/pnpm-volume/1c613b14-019c-488a-a856-d55d64d174d0/node_modules/destroy"
  84 debug pnpm:link: 
    target: "/rbd/pnpm-volume/1c613b14-019c-488a-a856-d55d64d174d0/node_modules/.registry.npmjs.org/duplexer2/0.1.4/node_modules/duplexer2"
    link: "/rbd/pnpm-volume/1c613b14-019c-488a-a856-d55d64d174d0/node_modules/duplexer2"
  85 debug pnpm:link: 
    target: "/rbd/pnpm-volume/1c613b14-019c-488a-a856-d55d64d174d0/node_modules/.registry.npmjs.org/ee-first/1.1.1/node_modules/ee-first"
    link: "/rbd/pnpm-volume/1c613b14-019c-488a-a856-d55d64d174d0/node_modules/ee-first"
  86 debug pnpm:link: 
    target: "/rbd/pnpm-volume/1c613b14-019c-488a-a856-d55d64d174d0/node_modules/.registry.npmjs.org/forwarded/0.2.0/node_modules/forwarded"
    link: "/rbd/pnpm-volume/1c613b14-019c-488a-a856-d55d64d174d0/node_modules/forwarded"
  87 debug pnpm:link: 
    target: "/rbd/pnpm-volume/1c613b14-019c-488a-a856-d55d64d174d0/node_modules/.registry.npmjs.org/fstream/1.0.12/node_modules/fstream"
    link: "/rbd/pnpm-volume/1c613b14-019c-488a-a856-d55d64d174d0/node_modules/fstream"
  88 debug pnpm:link: 
    target: "/rbd/pnpm-volume/1c613b14-019c-488a-a856-d55d64d174d0/node_modules/.registry.npmjs.org/graceful-fs/4.2.11/node_modules/graceful-fs"
    link: "/rbd/pnpm-volume/1c613b14-019c-488a-a856-d55d64d174d0/node_modules/graceful-fs"
  89 debug pnpm:link: 
    target: "/rbd/pnpm-volume/1c613b14-019c-488a-a856-d55d64d174d0/node_modules/.registry.npmjs.org/iconv-lite/0.4.24/node_modules/iconv-lite"
    link: "/rbd/pnpm-volume/1c613b14-019c-488a-a856-d55d64d174d0/node_modules/iconv-lite"
  90 debug pnpm:link: 
    target: "/rbd/pnpm-volume/1c613b14-019c-488a-a856-d55d64d174d0/node_modules/.registry.npmjs.org/inherits/2.0.4/node_modules/inherits"
    link: "/rbd/pnpm-volume/1c613b14-019c-488a-a856-d55d64d174d0/node_modules/inherits"
  91 debug pnpm:link: 
    target: "/rbd/pnpm-volume/1c613b14-019c-488a-a856-d55d64d174d0/node_modules/.registry.npmjs.org/ipaddr.js/1.9.1/node_modules/ipaddr.js"
    link: "/rbd/pnpm-volume/1c613b14-019c-488a-a856-d55d64d174d0/node_modules/ipaddr.js"
  92 debug pnpm:link: 
    target: "/rbd/pnpm-volume/1c613b14-019c-488a-a856-d55d64d174d0/node_modules/.registry.npmjs.org/lie/3.3.0/node_modules/lie"
    link: "/rbd/pnpm-volume/1c613b14-019c-488a-a856-d55d64d174d0/node_modules/lie"
  93 debug pnpm:link: 
    target: "/rbd/pnpm-volume/1c613b14-019c-488a-a856-d55d64d174d0/node_modules/.registry.npmjs.org/listenercount/1.0.1/node_modules/listenercount"
    link: "/rbd/pnpm-volume/1c613b14-019c-488a-a856-d55d64d174d0/node_modules/listenercount"
  94 debug pnpm:link: 
    target: "/rbd/pnpm-volume/1c613b14-019c-488a-a856-d55d64d174d0/node_modules/.registry.npmjs.org/media-typer/0.3.0/node_modules/media-typer"
    link: "/rbd/pnpm-volume/1c613b14-019c-488a-a856-d55d64d174d0/node_modules/media-typer"
  95 debug pnpm:link: 
    target: "/rbd/pnpm-volume/1c613b14-019c-488a-a856-d55d64d174d0/node_modules/.registry.npmjs.org/mime/1.6.0/node_modules/mime"
    link: "/rbd/pnpm-volume/1c613b14-019c-488a-a856-d55d64d174d0/node_modules/mime"
  96 debug pnpm:link: 
    target: "/rbd/pnpm-volume/1c613b14-019c-488a-a856-d55d64d174d0/node_modules/.registry.npmjs.org/mime-types/2.1.35/node_modules/mime-types"
    link: "/rbd/pnpm-volume/1c613b14-019c-488a-a856-d55d64d174d0/node_modules/mime-types"
  97 debug pnpm:link: 
    target: "/rbd/pnpm-volume/1c613b14-019c-488a-a856-d55d64d174d0/node_modules/.registry.npmjs.org/minimist/1.2.8/node_modules/minimist"
    link: "/rbd/pnpm-volume/1c613b14-019c-488a-a856-d55d64d174d0/node_modules/minimist"
  98 debug pnpm:link: 
    target: "/rbd/pnpm-volume/1c613b14-019c-488a-a856-d55d64d174d0/node_modules/.registry.npmjs.org/mongodb-connection-string-url/3.0.2/node_modules/mongodb-connection-string-url"
    link: "/rbd/pnpm-volume/1c613b14-019c-488a-a856-d55d64d174d0/node_modules/mongodb-connection-string-url"
  99 debug pnpm:link: 
    target: "/rbd/pnpm-volume/1c613b14-019c-488a-a856-d55d64d174d0/node_modules/.registry.npmjs.org/negotiator/0.6.3/node_modules/negotiator"
    link: "/rbd/pnpm-volume/1c613b14-019c-488a-a856-d55d64d174d0/node_modules/negotiator"
  100 debug pnpm:link: 
    target: "/rbd/pnpm-volume/1c613b14-019c-488a-a856-d55d64d174d0/node_modules/.registry.npmjs.org/pako/1.0.11/node_modules/pako"
    link: "/rbd/pnpm-volume/1c613b14-019c-488a-a856-d55d64d174d0/node_modules/pako"
  101 debug pnpm:link: 
    target: "/rbd/pnpm-volume/1c613b14-019c-488a-a856-d55d64d174d0/node_modules/.registry.npmjs.org/raw-body/2.5.2/node_modules/raw-body"
    link: "/rbd/pnpm-volume/1c613b14-019c-488a-a856-d55d64d174d0/node_modules/raw-body"
  102 debug pnpm:link: 
    target: "/rbd/pnpm-volume/1c613b14-019c-488a-a856-d55d64d174d0/node_modules/.registry.npmjs.org/readdir-glob/1.1.3/node_modules/readdir-glob"
    link: "/rbd/pnpm-volume/1c613b14-019c-488a-a856-d55d64d174d0/node_modules/readdir-glob"
  103 debug pnpm:link: 
    target: "/rbd/pnpm-volume/1c613b14-019c-488a-a856-d55d64d174d0/node_modules/.registry.npmjs.org/setimmediate/1.0.5/node_modules/setimmediate"
    link: "/rbd/pnpm-volume/1c613b14-019c-488a-a856-d55d64d174d0/node_modules/setimmediate"
  104 debug pnpm:link: 
    target: "/rbd/pnpm-volume/1c613b14-019c-488a-a856-d55d64d174d0/node_modules/.registry.npmjs.org/side-channel/1.1.0/node_modules/side-channel"
    link: "/rbd/pnpm-volume/1c613b14-019c-488a-a856-d55d64d174d0/node_modules/side-channel"
  105 debug pnpm:link: 
    target: "/rbd/pnpm-volume/1c613b14-019c-488a-a856-d55d64d174d0/node_modules/.registry.npmjs.org/streamsearch/1.1.0/node_modules/streamsearch"
    link: "/rbd/pnpm-volume/1c613b14-019c-488a-a856-d55d64d174d0/node_modules/streamsearch"
  106 debug pnpm:link: 
    target: "/rbd/pnpm-volume/1c613b14-019c-488a-a856-d55d64d174d0/node_modules/.registry.npmjs.org/string_decoder/1.3.0/node_modules/string_decoder"
    link: "/rbd/pnpm-volume/1c613b14-019c-488a-a856-d55d64d174d0/node_modules/string_decoder"
  107 debug pnpm:link: 
    target: "/rbd/pnpm-volume/1c613b14-019c-488a-a856-d55d64d174d0/node_modules/.registry.npmjs.org/tar-stream/2.2.0/node_modules/tar-stream"
    link: "/rbd/pnpm-volume/1c613b14-019c-488a-a856-d55d64d174d0/node_modules/tar-stream"
  108 debug pnpm:link: 
    target: "/rbd/pnpm-volume/1c613b14-019c-488a-a856-d55d64d174d0/node_modules/.registry.npmjs.org/toidentifier/1.0.1/node_modules/toidentifier"
    link: "/rbd/pnpm-volume/1c613b14-019c-488a-a856-d55d64d174d0/node_modules/toidentifier"
  109 debug pnpm:link: 
    target: "/rbd/pnpm-volume/1c613b14-019c-488a-a856-d55d64d174d0/node_modules/.registry.npmjs.org/typedarray/0.0.6/node_modules/typedarray"
    link: "/rbd/pnpm-volume/1c613b14-019c-488a-a856-d55d64d174d0/node_modules/typedarray"
  110 debug pnpm:link: 
    target: "/rbd/pnpm-volume/1c613b14-019c-488a-a856-d55d64d174d0/node_modules/.registry.npmjs.org/unpipe/1.0.0/node_modules/unpipe"
    link: "/rbd/pnpm-volume/1c613b14-019c-488a-a856-d55d64d174d0/node_modules/unpipe"
  111 debug pnpm:link: 
    target: "/rbd/pnpm-volume/1c613b14-019c-488a-a856-d55d64d174d0/node_modules/.registry.npmjs.org/util-deprecate/1.0.2/node_modules/util-deprecate"
    link: "/rbd/pnpm-volume/1c613b14-019c-488a-a856-d55d64d174d0/node_modules/util-deprecate"
  112 debug pnpm:link: 
    target: "/rbd/pnpm-volume/1c613b14-019c-488a-a856-d55d64d174d0/node_modules/.registry.npmjs.org/xmlchars/2.2.0/node_modules/xmlchars"
    link: "/rbd/pnpm-volume/1c613b14-019c-488a-a856-d55d64d174d0/node_modules/xmlchars"
  113 debug pnpm:link: 
    target: "/rbd/pnpm-volume/1c613b14-019c-488a-a856-d55d64d174d0/node_modules/.registry.npmjs.org/zip-stream/4.1.1/node_modules/zip-stream"
    link: "/rbd/pnpm-volume/1c613b14-019c-488a-a856-d55d64d174d0/node_modules/zip-stream"
  114 debug pnpm:link: 
    target: "/rbd/pnpm-volume/1c613b14-019c-488a-a856-d55d64d174d0/node_modules/.registry.npmjs.org/@types/node/14.18.63/node_modules/@types/node"
    link: "/rbd/pnpm-volume/1c613b14-019c-488a-a856-d55d64d174d0/node_modules/@types/node"
  115 debug pnpm:link: 
    target: "/rbd/pnpm-volume/1c613b14-019c-488a-a856-d55d64d174d0/node_modules/.registry.npmjs.org/@types/whatwg-url/11.0.5/node_modules/@types/whatwg-url"
    link: "/rbd/pnpm-volume/1c613b14-019c-488a-a856-d55d64d174d0/node_modules/@types/whatwg-url"
  116 debug pnpm:link: 
    target: "/rbd/pnpm-volume/1c613b14-019c-488a-a856-d55d64d174d0/node_modules/.registry.npmjs.org/bl/4.1.0/node_modules/bl"
    link: "/rbd/pnpm-volume/1c613b14-019c-488a-a856-d55d64d174d0/node_modules/bl"
  117 debug pnpm:link: 
    target: "/rbd/pnpm-volume/1c613b14-019c-488a-a856-d55d64d174d0/node_modules/.registry.npmjs.org/buffers/0.1.1/node_modules/buffers"
    link: "/rbd/pnpm-volume/1c613b14-019c-488a-a856-d55d64d174d0/node_modules/buffers"
  118 debug pnpm:link: 
    target: "/rbd/pnpm-volume/1c613b14-019c-488a-a856-d55d64d174d0/node_modules/.registry.npmjs.org/chainsaw/0.1.0/node_modules/chainsaw"
    link: "/rbd/pnpm-volume/1c613b14-019c-488a-a856-d55d64d174d0/node_modules/chainsaw"
  119 debug pnpm:link: 
    target: "/rbd/pnpm-volume/1c613b14-019c-488a-a856-d55d64d174d0/node_modules/.registry.npmjs.org/compress-commons/4.1.2/node_modules/compress-commons"
    link: "/rbd/pnpm-volume/1c613b14-019c-488a-a856-d55d64d174d0/node_modules/compress-commons"
  120 debug pnpm:link: 
    target: "/rbd/pnpm-volume/1c613b14-019c-488a-a856-d55d64d174d0/node_modules/.registry.npmjs.org/core-util-is/1.0.3/node_modules/core-util-is"
    link: "/rbd/pnpm-volume/1c613b14-019c-488a-a856-d55d64d174d0/node_modules/core-util-is"
  121 debug pnpm:link: 
    target: "/rbd/pnpm-volume/1c613b14-019c-488a-a856-d55d64d174d0/node_modules/.registry.npmjs.org/end-of-stream/1.4.4/node_modules/end-of-stream"
    link: "/rbd/pnpm-volume/1c613b14-019c-488a-a856-d55d64d174d0/node_modules/end-of-stream"
  122 debug pnpm:link: 
    target: "/rbd/pnpm-volume/1c613b14-019c-488a-a856-d55d64d174d0/node_modules/.registry.npmjs.org/es-errors/1.3.0/node_modules/es-errors"
    link: "/rbd/pnpm-volume/1c613b14-019c-488a-a856-d55d64d174d0/node_modules/es-errors"
  123 debug pnpm:link: 
    target: "/rbd/pnpm-volume/1c613b14-019c-488a-a856-d55d64d174d0/node_modules/.registry.npmjs.org/fs-constants/1.0.0/node_modules/fs-constants"
    link: "/rbd/pnpm-volume/1c613b14-019c-488a-a856-d55d64d174d0/node_modules/fs-constants"
  124 debug pnpm:link: 
    target: "/rbd/pnpm-volume/1c613b14-019c-488a-a856-d55d64d174d0/node_modules/.registry.npmjs.org/glob/7.2.3/node_modules/glob"
    link: "/rbd/pnpm-volume/1c613b14-019c-488a-a856-d55d64d174d0/node_modules/glob"
  125 debug pnpm:link: 
    target: "/rbd/pnpm-volume/1c613b14-019c-488a-a856-d55d64d174d0/node_modules/.registry.npmjs.org/immediate/3.0.6/node_modules/immediate"
    link: "/rbd/pnpm-volume/1c613b14-019c-488a-a856-d55d64d174d0/node_modules/immediate"
  126 debug pnpm:link: 
    target: "/rbd/pnpm-volume/1c613b14-019c-488a-a856-d55d64d174d0/node_modules/.registry.npmjs.org/isarray/1.0.0/node_modules/isarray"
    link: "/rbd/pnpm-volume/1c613b14-019c-488a-a856-d55d64d174d0/node_modules/isarray"
  127 debug pnpm:link: 
    target: "/rbd/pnpm-volume/1c613b14-019c-488a-a856-d55d64d174d0/node_modules/.registry.npmjs.org/lazystream/1.0.1/node_modules/lazystream"
    link: "/rbd/pnpm-volume/1c613b14-019c-488a-a856-d55d64d174d0/node_modules/lazystream"
  128 debug pnpm:link: 
    target: "/rbd/pnpm-volume/1c613b14-019c-488a-a856-d55d64d174d0/node_modules/.registry.npmjs.org/lodash.defaults/4.2.0/node_modules/lodash.defaults"
    link: "/rbd/pnpm-volume/1c613b14-019c-488a-a856-d55d64d174d0/node_modules/lodash.defaults"
  129 debug pnpm:link: 
    target: "/rbd/pnpm-volume/1c613b14-019c-488a-a856-d55d64d174d0/node_modules/.registry.npmjs.org/lodash.difference/4.5.0/node_modules/lodash.difference"
    link: "/rbd/pnpm-volume/1c613b14-019c-488a-a856-d55d64d174d0/node_modules/lodash.difference"
  130 debug pnpm:link: 
    target: "/rbd/pnpm-volume/1c613b14-019c-488a-a856-d55d64d174d0/node_modules/.registry.npmjs.org/lodash.escaperegexp/4.1.2/node_modules/lodash.escaperegexp"
    link: "/rbd/pnpm-volume/1c613b14-019c-488a-a856-d55d64d174d0/node_modules/lodash.escaperegexp"
  131 debug pnpm:link: 
    target: "/rbd/pnpm-volume/1c613b14-019c-488a-a856-d55d64d174d0/node_modules/.registry.npmjs.org/lodash.flatten/4.4.0/node_modules/lodash.flatten"
    link: "/rbd/pnpm-volume/1c613b14-019c-488a-a856-d55d64d174d0/node_modules/lodash.flatten"
  132 debug pnpm:link: 
    target: "/rbd/pnpm-volume/1c613b14-019c-488a-a856-d55d64d174d0/node_modules/.registry.npmjs.org/lodash.groupby/4.6.0/node_modules/lodash.groupby"
    link: "/rbd/pnpm-volume/1c613b14-019c-488a-a856-d55d64d174d0/node_modules/lodash.groupby"
  133 debug pnpm:link: 
    target: "/rbd/pnpm-volume/1c613b14-019c-488a-a856-d55d64d174d0/node_modules/.registry.npmjs.org/lodash.isboolean/3.0.3/node_modules/lodash.isboolean"
    link: "/rbd/pnpm-volume/1c613b14-019c-488a-a856-d55d64d174d0/node_modules/lodash.isboolean"
  134 debug pnpm:link: 
    target: "/rbd/pnpm-volume/1c613b14-019c-488a-a856-d55d64d174d0/node_modules/.registry.npmjs.org/lodash.isequal/4.5.0/node_modules/lodash.isequal"
    link: "/rbd/pnpm-volume/1c613b14-019c-488a-a856-d55d64d174d0/node_modules/lodash.isequal"
  135 debug pnpm:link: 
    target: "/rbd/pnpm-volume/1c613b14-019c-488a-a856-d55d64d174d0/node_modules/.registry.npmjs.org/lodash.isfunction/3.0.9/node_modules/lodash.isfunction"
    link: "/rbd/pnpm-volume/1c613b14-019c-488a-a856-d55d64d174d0/node_modules/lodash.isfunction"
  136 debug pnpm:link: 
    target: "/rbd/pnpm-volume/1c613b14-019c-488a-a856-d55d64d174d0/node_modules/.registry.npmjs.org/lodash.isnil/4.0.0/node_modules/lodash.isnil"
    link: "/rbd/pnpm-volume/1c613b14-019c-488a-a856-d55d64d174d0/node_modules/lodash.isnil"
  137 debug pnpm:link: 
    target: "/rbd/pnpm-volume/1c613b14-019c-488a-a856-d55d64d174d0/node_modules/.registry.npmjs.org/lodash.isplainobject/4.0.6/node_modules/lodash.isplainobject"
    link: "/rbd/pnpm-volume/1c613b14-019c-488a-a856-d55d64d174d0/node_modules/lodash.isplainobject"
  138 debug pnpm:link: 
    target: "/rbd/pnpm-volume/1c613b14-019c-488a-a856-d55d64d174d0/node_modules/.registry.npmjs.org/lodash.isundefined/3.0.1/node_modules/lodash.isundefined"
    link: "/rbd/pnpm-volume/1c613b14-019c-488a-a856-d55d64d174d0/node_modules/lodash.isundefined"
  139 debug pnpm:link: 
    target: "/rbd/pnpm-volume/1c613b14-019c-488a-a856-d55d64d174d0/node_modules/.registry.npmjs.org/lodash.union/4.6.0/node_modules/lodash.union"
    link: "/rbd/pnpm-volume/1c613b14-019c-488a-a856-d55d64d174d0/node_modules/lodash.union"
  140 debug pnpm:link: 
    target: "/rbd/pnpm-volume/1c613b14-019c-488a-a856-d55d64d174d0/node_modules/.registry.npmjs.org/lodash.uniq/4.5.0/node_modules/lodash.uniq"
    link: "/rbd/pnpm-volume/1c613b14-019c-488a-a856-d55d64d174d0/node_modules/lodash.uniq"
  141 debug pnpm:link: 
    target: "/rbd/pnpm-volume/1c613b14-019c-488a-a856-d55d64d174d0/node_modules/.registry.npmjs.org/mime-db/1.52.0/node_modules/mime-db"
    link: "/rbd/pnpm-volume/1c613b14-019c-488a-a856-d55d64d174d0/node_modules/mime-db"
  142 debug pnpm:link: 
    target: "/rbd/pnpm-volume/1c613b14-019c-488a-a856-d55d64d174d0/node_modules/.registry.npmjs.org/minimatch/5.1.6/node_modules/minimatch"
    link: "/rbd/pnpm-volume/1c613b14-019c-488a-a856-d55d64d174d0/node_modules/minimatch"
  143 debug pnpm:link: 
    target: "/rbd/pnpm-volume/1c613b14-019c-488a-a856-d55d64d174d0/node_modules/.registry.npmjs.org/normalize-path/3.0.0/node_modules/normalize-path"
    link: "/rbd/pnpm-volume/1c613b14-019c-488a-a856-d55d64d174d0/node_modules/normalize-path"
  144 debug pnpm:link: 
    target: "/rbd/pnpm-volume/1c613b14-019c-488a-a856-d55d64d174d0/node_modules/.registry.npmjs.org/object-inspect/1.13.4/node_modules/object-inspect"
    link: "/rbd/pnpm-volume/1c613b14-019c-488a-a856-d55d64d174d0/node_modules/object-inspect"
  145 debug pnpm:link: 
    target: "/rbd/pnpm-volume/1c613b14-019c-488a-a856-d55d64d174d0/node_modules/.registry.npmjs.org/process-nextick-args/2.0.1/node_modules/process-nextick-args"
    link: "/rbd/pnpm-volume/1c613b14-019c-488a-a856-d55d64d174d0/node_modules/process-nextick-args"
  146 debug pnpm:link: 
    target: "/rbd/pnpm-volume/1c613b14-019c-488a-a856-d55d64d174d0/node_modules/.registry.npmjs.org/rimraf/2.7.1/node_modules/rimraf"
    link: "/rbd/pnpm-volume/1c613b14-019c-488a-a856-d55d64d174d0/node_modules/rimraf"
  147 debug pnpm:link: 
    target: "/rbd/pnpm-volume/1c613b14-019c-488a-a856-d55d64d174d0/node_modules/.registry.npmjs.org/safer-buffer/2.1.2/node_modules/safer-buffer"
    link: "/rbd/pnpm-volume/1c613b14-019c-488a-a856-d55d64d174d0/node_modules/safer-buffer"
  148 debug pnpm:link: 
    target: "/rbd/pnpm-volume/1c613b14-019c-488a-a856-d55d64d174d0/node_modules/.registry.npmjs.org/side-channel-list/1.0.0/node_modules/side-channel-list"
    link: "/rbd/pnpm-volume/1c613b14-019c-488a-a856-d55d64d174d0/node_modules/side-channel-list"
  149 debug pnpm:link: 
    target: "/rbd/pnpm-volume/1c613b14-019c-488a-a856-d55d64d174d0/node_modules/.registry.npmjs.org/side-channel-map/1.0.1/node_modules/side-channel-map"
    link: "/rbd/pnpm-volume/1c613b14-019c-488a-a856-d55d64d174d0/node_modules/side-channel-map"
  150 debug pnpm:link: 
    target: "/rbd/pnpm-volume/1c613b14-019c-488a-a856-d55d64d174d0/node_modules/.registry.npmjs.org/side-channel-weakmap/1.0.2/node_modules/side-channel-weakmap"
    link: "/rbd/pnpm-volume/1c613b14-019c-488a-a856-d55d64d174d0/node_modules/side-channel-weakmap"
  151 debug pnpm:link: 
    target: "/rbd/pnpm-volume/1c613b14-019c-488a-a856-d55d64d174d0/node_modules/.registry.npmjs.org/sparse-bitfield/3.0.3/node_modules/sparse-bitfield"
    link: "/rbd/pnpm-volume/1c613b14-019c-488a-a856-d55d64d174d0/node_modules/sparse-bitfield"
  152 debug pnpm:link: 
    target: "/rbd/pnpm-volume/1c613b14-019c-488a-a856-d55d64d174d0/node_modules/.registry.npmjs.org/whatwg-url/14.1.1/node_modules/whatwg-url"
    link: "/rbd/pnpm-volume/1c613b14-019c-488a-a856-d55d64d174d0/node_modules/whatwg-url"
  153 debug pnpm:link: 
    target: "/rbd/pnpm-volume/1c613b14-019c-488a-a856-d55d64d174d0/node_modules/.registry.npmjs.org/@types/webidl-conversions/7.0.3/node_modules/@types/webidl-conversions"
    link: "/rbd/pnpm-volume/1c613b14-019c-488a-a856-d55d64d174d0/node_modules/@types/webidl-conversions"
  154 debug pnpm:link: 
    target: "/rbd/pnpm-volume/1c613b14-019c-488a-a856-d55d64d174d0/node_modules/.registry.npmjs.org/brace-expansion/2.0.1/node_modules/brace-expansion"
    link: "/rbd/pnpm-volume/1c613b14-019c-488a-a856-d55d64d174d0/node_modules/brace-expansion"
  155 debug pnpm:link: 
    target: "/rbd/pnpm-volume/1c613b14-019c-488a-a856-d55d64d174d0/node_modules/.registry.npmjs.org/buffer/5.7.1/node_modules/buffer"
    link: "/rbd/pnpm-volume/1c613b14-019c-488a-a856-d55d64d174d0/node_modules/buffer"
  156 debug pnpm:link: 
    target: "/rbd/pnpm-volume/1c613b14-019c-488a-a856-d55d64d174d0/node_modules/.registry.npmjs.org/call-bound/1.0.3/node_modules/call-bound"
    link: "/rbd/pnpm-volume/1c613b14-019c-488a-a856-d55d64d174d0/node_modules/call-bound"
  157 debug pnpm:link: 
    target: "/rbd/pnpm-volume/1c613b14-019c-488a-a856-d55d64d174d0/node_modules/.registry.npmjs.org/crc32-stream/4.0.3/node_modules/crc32-stream"
    link: "/rbd/pnpm-volume/1c613b14-019c-488a-a856-d55d64d174d0/node_modules/crc32-stream"
  158 debug pnpm:link: 
    target: "/rbd/pnpm-volume/1c613b14-019c-488a-a856-d55d64d174d0/node_modules/.registry.npmjs.org/fs.realpath/1.0.0/node_modules/fs.realpath"
    link: "/rbd/pnpm-volume/1c613b14-019c-488a-a856-d55d64d174d0/node_modules/fs.realpath"
  159 debug pnpm:link: 
    target: "/rbd/pnpm-volume/1c613b14-019c-488a-a856-d55d64d174d0/node_modules/.registry.npmjs.org/get-intrinsic/1.2.7/node_modules/get-intrinsic"
    link: "/rbd/pnpm-volume/1c613b14-019c-488a-a856-d55d64d174d0/node_modules/get-intrinsic"
  160 debug pnpm:link: 
    target: "/rbd/pnpm-volume/1c613b14-019c-488a-a856-d55d64d174d0/node_modules/.registry.npmjs.org/inflight/1.0.6/node_modules/inflight"
    link: "/rbd/pnpm-volume/1c613b14-019c-488a-a856-d55d64d174d0/node_modules/inflight"
  161 debug pnpm:link: 
    target: "/rbd/pnpm-volume/1c613b14-019c-488a-a856-d55d64d174d0/node_modules/.registry.npmjs.org/memory-pager/1.5.0/node_modules/memory-pager"
    link: "/rbd/pnpm-volume/1c613b14-019c-488a-a856-d55d64d174d0/node_modules/memory-pager"
  162 debug pnpm:link: 
    target: "/rbd/pnpm-volume/1c613b14-019c-488a-a856-d55d64d174d0/node_modules/.registry.npmjs.org/once/1.4.0/node_modules/once"
    link: "/rbd/pnpm-volume/1c613b14-019c-488a-a856-d55d64d174d0/node_modules/once"
  163 debug pnpm:link: 
    target: "/rbd/pnpm-volume/1c613b14-019c-488a-a856-d55d64d174d0/node_modules/.registry.npmjs.org/path-is-absolute/1.0.1/node_modules/path-is-absolute"
    link: "/rbd/pnpm-volume/1c613b14-019c-488a-a856-d55d64d174d0/node_modules/path-is-absolute"
  164 debug pnpm:link: 
    target: "/rbd/pnpm-volume/1c613b14-019c-488a-a856-d55d64d174d0/node_modules/.registry.npmjs.org/tr46/5.0.0/node_modules/tr46"
    link: "/rbd/pnpm-volume/1c613b14-019c-488a-a856-d55d64d174d0/node_modules/tr46"
  165 debug pnpm:link: 
    target: "/rbd/pnpm-volume/1c613b14-019c-488a-a856-d55d64d174d0/node_modules/.registry.npmjs.org/traverse/0.3.9/node_modules/traverse"
    link: "/rbd/pnpm-volume/1c613b14-019c-488a-a856-d55d64d174d0/node_modules/traverse"
  166 debug pnpm:link: 
    target: "/rbd/pnpm-volume/1c613b14-019c-488a-a856-d55d64d174d0/node_modules/.registry.npmjs.org/webidl-conversions/7.0.0/node_modules/webidl-conversions"
    link: "/rbd/pnpm-volume/1c613b14-019c-488a-a856-d55d64d174d0/node_modules/webidl-conversions"
  167 debug pnpm:link: 
    target: "/rbd/pnpm-volume/1c613b14-019c-488a-a856-d55d64d174d0/node_modules/.registry.npmjs.org/balanced-match/1.0.2/node_modules/balanced-match"
    link: "/rbd/pnpm-volume/1c613b14-019c-488a-a856-d55d64d174d0/node_modules/balanced-match"
  168 debug pnpm:link: 
    target: "/rbd/pnpm-volume/1c613b14-019c-488a-a856-d55d64d174d0/node_modules/.registry.npmjs.org/base64-js/1.5.1/node_modules/base64-js"
    link: "/rbd/pnpm-volume/1c613b14-019c-488a-a856-d55d64d174d0/node_modules/base64-js"
  169 debug pnpm:link: 
    target: "/rbd/pnpm-volume/1c613b14-019c-488a-a856-d55d64d174d0/node_modules/.registry.npmjs.org/call-bind-apply-helpers/1.0.2/node_modules/call-bind-apply-helpers"
    link: "/rbd/pnpm-volume/1c613b14-019c-488a-a856-d55d64d174d0/node_modules/call-bind-apply-helpers"
  170 debug pnpm:link: 
    target: "/rbd/pnpm-volume/1c613b14-019c-488a-a856-d55d64d174d0/node_modules/.registry.npmjs.org/crc-32/1.2.2/node_modules/crc-32"
    link: "/rbd/pnpm-volume/1c613b14-019c-488a-a856-d55d64d174d0/node_modules/crc-32"
  171 debug pnpm:link: 
    target: "/rbd/pnpm-volume/1c613b14-019c-488a-a856-d55d64d174d0/node_modules/.registry.npmjs.org/es-define-property/1.0.1/node_modules/es-define-property"
    link: "/rbd/pnpm-volume/1c613b14-019c-488a-a856-d55d64d174d0/node_modules/es-define-property"
  172 debug pnpm:link: 
    target: "/rbd/pnpm-volume/1c613b14-019c-488a-a856-d55d64d174d0/node_modules/.registry.npmjs.org/es-object-atoms/1.1.1/node_modules/es-object-atoms"
    link: "/rbd/pnpm-volume/1c613b14-019c-488a-a856-d55d64d174d0/node_modules/es-object-atoms"
  173 debug pnpm:link: 
    target: "/rbd/pnpm-volume/1c613b14-019c-488a-a856-d55d64d174d0/node_modules/.registry.npmjs.org/function-bind/1.1.2/node_modules/function-bind"
    link: "/rbd/pnpm-volume/1c613b14-019c-488a-a856-d55d64d174d0/node_modules/function-bind"
  174 debug pnpm:link: 
    target: "/rbd/pnpm-volume/1c613b14-019c-488a-a856-d55d64d174d0/node_modules/.registry.npmjs.org/get-proto/1.0.1/node_modules/get-proto"
    link: "/rbd/pnpm-volume/1c613b14-019c-488a-a856-d55d64d174d0/node_modules/get-proto"
  175 debug pnpm:link: 
    target: "/rbd/pnpm-volume/1c613b14-019c-488a-a856-d55d64d174d0/node_modules/.registry.npmjs.org/gopd/1.2.0/node_modules/gopd"
    link: "/rbd/pnpm-volume/1c613b14-019c-488a-a856-d55d64d174d0/node_modules/gopd"
  176 debug pnpm:link: 
    target: "/rbd/pnpm-volume/1c613b14-019c-488a-a856-d55d64d174d0/node_modules/.registry.npmjs.org/has-symbols/1.1.0/node_modules/has-symbols"
    link: "/rbd/pnpm-volume/1c613b14-019c-488a-a856-d55d64d174d0/node_modules/has-symbols"
  177 debug pnpm:link: 
    target: "/rbd/pnpm-volume/1c613b14-019c-488a-a856-d55d64d174d0/node_modules/.registry.npmjs.org/hasown/2.0.2/node_modules/hasown"
    link: "/rbd/pnpm-volume/1c613b14-019c-488a-a856-d55d64d174d0/node_modules/hasown"
  178 debug pnpm:link: 
    target: "/rbd/pnpm-volume/1c613b14-019c-488a-a856-d55d64d174d0/node_modules/.registry.npmjs.org/ieee754/1.2.1/node_modules/ieee754"
    link: "/rbd/pnpm-volume/1c613b14-019c-488a-a856-d55d64d174d0/node_modules/ieee754"
  179 debug pnpm:link: 
    target: "/rbd/pnpm-volume/1c613b14-019c-488a-a856-d55d64d174d0/node_modules/.registry.npmjs.org/math-intrinsics/1.1.0/node_modules/math-intrinsics"
    link: "/rbd/pnpm-volume/1c613b14-019c-488a-a856-d55d64d174d0/node_modules/math-intrinsics"
  180 debug pnpm:link: 
    target: "/rbd/pnpm-volume/1c613b14-019c-488a-a856-d55d64d174d0/node_modules/.registry.npmjs.org/punycode/2.3.1/node_modules/punycode"
    link: "/rbd/pnpm-volume/1c613b14-019c-488a-a856-d55d64d174d0/node_modules/punycode"
  181 debug pnpm:link: 
    target: "/rbd/pnpm-volume/1c613b14-019c-488a-a856-d55d64d174d0/node_modules/.registry.npmjs.org/wrappy/1.0.2/node_modules/wrappy"
    link: "/rbd/pnpm-volume/1c613b14-019c-488a-a856-d55d64d174d0/node_modules/wrappy"
  182 debug pnpm:link: 
    target: "/rbd/pnpm-volume/1c613b14-019c-488a-a856-d55d64d174d0/node_modules/.registry.npmjs.org/concat-map/0.0.1/node_modules/concat-map"
    link: "/rbd/pnpm-volume/1c613b14-019c-488a-a856-d55d64d174d0/node_modules/concat-map"
  183 debug pnpm:link: 
    target: "/rbd/pnpm-volume/1c613b14-019c-488a-a856-d55d64d174d0/node_modules/.registry.npmjs.org/dunder-proto/1.0.1/node_modules/dunder-proto"
    link: "/rbd/pnpm-volume/1c613b14-019c-488a-a856-d55d64d174d0/node_modules/dunder-proto"
  184 debug pnpm:link: 
    target: "/rbd/pnpm-volume/1c613b14-019c-488a-a856-d55d64d174d0/node_modules/.registry.npmjs.org/dotenv/16.4.7/node_modules/dotenv"
    link: "/rbd/pnpm-volume/1c613b14-019c-488a-a856-d55d64d174d0/node_modules/dotenv"
  185 debug pnpm:link: 
    target: "/rbd/pnpm-volume/1c613b14-019c-488a-a856-d55d64d174d0/node_modules/.registry.npmjs.org/exceljs/4.4.0/node_modules/exceljs"
    link: "/rbd/pnpm-volume/1c613b14-019c-488a-a856-d55d64d174d0/node_modules/exceljs"
  186 debug pnpm:link: 
    target: "/rbd/pnpm-volume/1c613b14-019c-488a-a856-d55d64d174d0/node_modules/.registry.npmjs.org/express/4.21.2/node_modules/express"
    link: "/rbd/pnpm-volume/1c613b14-019c-488a-a856-d55d64d174d0/node_modules/express"
  187 debug pnpm:link: 
    target: "/rbd/pnpm-volume/1c613b14-019c-488a-a856-d55d64d174d0/node_modules/.registry.npmjs.org/mongoose/8.10.1/node_modules/mongoose"
    link: "/rbd/pnpm-volume/1c613b14-019c-488a-a856-d55d64d174d0/node_modules/mongoose"
  188 debug pnpm:link: 
    target: "/rbd/pnpm-volume/1c613b14-019c-488a-a856-d55d64d174d0/node_modules/.registry.npmjs.org/multer/1.4.5-lts.1/node_modules/multer"
    link: "/rbd/pnpm-volume/1c613b14-019c-488a-a856-d55d64d174d0/node_modules/multer"
  189 error pnpm: 
    message: 
      errno: -2
      code: "ENOENT"
      syscall: "chmod"
      path: "/rbd/pnpm-volume/1c613b14-019c-488a-a856-d55d64d174d0/node_modules/node/bin/node"
    err: 
      name: "Error"
      message: "ENOENT: no such file or directory, chmod '/rbd/pnpm-volume/1c613b14-019c-488a-a856-d55d64d174d0/node_modules/node/bin/node'"
      code: "ENOENT"
      stack: "Error: ENOENT: no such file or directory, chmod '/rbd/pnpm-volume/1c613b14-019c-488a-a856-d55d64d174d0/node_modules/node/bin/node'"
